<component name="libraryTable">
  <library name="junit-platform-console-standalone-1.13.4">
    <CLASSES>
      <root url="jar://$PROJECT_DIR$/../dev/junit-platform-console-standalone-1.13.4.jar!/" />
    </CLASSES>
    <JAVADOC />
    <SOURCES />
  </library>
</component>